# JRE version: OpenJDK Runtime Environment (8.0_152-b01) (build 1.8.0_152-release-915-b01)
# Java VM: OpenJDK 64-Bit Server VM (25.152-b01 mixed mode linux-amd64 compressed oops)
Heap:
 PSYoungGen      total 183808K, used 10221K [0x00000000e0000000, 0x00000000ec080000, 0x0000000100000000)
  eden space 173568K, 0% used [0x00000000e0000000,0x00000000e0000000,0x00000000ea980000)
  from space 10240K, 99% used [0x00000000ea980000,0x00000000eb37b418,0x00000000eb380000)
  to   space 10752K, 0% used [0x00000000eb380000,0x00000000eb380000,0x00000000ebe00000)
 ParOldGen       total 38912K, used 20540K [0x00000000a0000000, 0x00000000a2600000, 0x00000000e0000000)
  object space 38912K, 52% used [0x00000000a0000000,0x00000000a140f2a8,0x00000000a2600000)
 Metaspace       used 46290K, capacity 47242K, committed 47448K, reserved 1089536K
  class space    used 6214K, capacity 6517K, committed 6528K, reserved 1048576K
GC Heap History (10 events):
Event: 7,462 GC heap after
Heap after GC invocations=8 (full 1):
 PSYoungGen      total 68608K, used 0K [0x00000000e0000000, 0x00000000e8500000, 0x0000000100000000)
  eden space 59904K, 0% used [0x00000000e0000000,0x00000000e0000000,0x00000000e3a80000)
  from space 8704K, 0% used [0x00000000e3a80000,0x00000000e3a80000,0x00000000e4300000)
  to   space 8192K, 0% used [0x00000000e7d00000,0x00000000e7d00000,0x00000000e8500000)
 ParOldGen       total 27648K, used 6473K [0x00000000a0000000, 0x00000000a1b00000, 0x00000000e0000000)
  object space 27648K, 23% used [0x00000000a0000000,0x00000000a0652698,0x00000000a1b00000)
 Metaspace       used 20605K, capacity 21064K, committed 21248K, reserved 1067008K
  class space    used 2863K, capacity 3037K, committed 3072K, reserved 1048576K
}
Event: 9,930 GC heap before
{Heap before GC invocations=9 (full 1):
 PSYoungGen      total 68608K, used 59904K [0x00000000e0000000, 0x00000000e8500000, 0x0000000100000000)
  eden space 59904K, 100% used [0x00000000e0000000,0x00000000e3a80000,0x00000000e3a80000)
  from space 8704K, 0% used [0x00000000e3a80000,0x00000000e3a80000,0x00000000e4300000)
  to   space 8192K, 0% used [0x00000000e7d00000,0x00000000e7d00000,0x00000000e8500000)
 ParOldGen       total 27648K, used 6473K [0x00000000a0000000, 0x00000000a1b00000, 0x00000000e0000000)
  object space 27648K, 23% used [0x00000000a0000000,0x00000000a0652698,0x00000000a1b00000)
 Metaspace       used 25360K, capacity 25920K, committed 26240K, reserved 1071104K
  class space    used 3464K, capacity 3665K, committed 3712K, reserved 1048576K
Event: 9,945 GC heap after
Heap after GC invocations=9 (full 1):
 PSYoungGen      total 120832K, used 6701K [0x00000000e0000000, 0x00000000e8400000, 0x0000000100000000)
  eden space 113664K, 0% used [0x00000000e0000000,0x00000000e0000000,0x00000000e6f00000)
  from space 7168K, 93% used [0x00000000e7d00000,0x00000000e838b508,0x00000000e8400000)
  to   space 8704K, 0% used [0x00000000e7300000,0x00000000e7300000,0x00000000e7b80000)
 ParOldGen       total 27648K, used 6481K [0x00000000a0000000, 0x00000000a1b00000, 0x00000000e0000000)
  object space 27648K, 23% used [0x00000000a0000000,0x00000000a0654698,0x00000000a1b00000)
 Metaspace       used 25360K, capacity 25920K, committed 26240K, reserved 1071104K
  class space    used 3464K, capacity 3665K, committed 3712K, reserved 1048576K
}
Event: 16,686 GC heap before
{Heap before GC invocations=10 (full 1):
 PSYoungGen      total 120832K, used 120365K [0x00000000e0000000, 0x00000000e8400000, 0x0000000100000000)
  eden space 113664K, 100% used [0x00000000e0000000,0x00000000e6f00000,0x00000000e6f00000)
  from space 7168K, 93% used [0x00000000e7d00000,0x00000000e838b508,0x00000000e8400000)
  to   space 8704K, 0% used [0x00000000e7300000,0x00000000e7300000,0x00000000e7b80000)
 ParOldGen       total 27648K, used 6481K [0x00000000a0000000, 0x00000000a1b00000, 0x00000000e0000000)
  object space 27648K, 23% used [0x00000000a0000000,0x00000000a0654698,0x00000000a1b00000)
 Metaspace       used 31572K, capacity 32224K, committed 32512K, reserved 1077248K
  class space    used 4311K, capacity 4531K, committed 4608K, reserved 1048576K
Event: 16,713 GC heap after
Heap after GC invocations=10 (full 1):
 PSYoungGen      total 126464K, used 8677K [0x00000000e0000000, 0x00000000ebe00000, 0x0000000100000000)
  eden space 117760K, 0% used [0x00000000e0000000,0x00000000e0000000,0x00000000e7300000)
  from space 8704K, 99% used [0x00000000e7300000,0x00000000e7b79490,0x00000000e7b80000)
  to   space 10752K, 0% used [0x00000000eb380000,0x00000000eb380000,0x00000000ebe00000)
 ParOldGen       total 27648K, used 8224K [0x00000000a0000000, 0x00000000a1b00000, 0x00000000e0000000)
  object space 27648K, 29% used [0x00000000a0000000,0x00000000a0808020,0x00000000a1b00000)
 Metaspace       used 31572K, capacity 32224K, committed 32512K, reserved 1077248K
  class space    used 4311K, capacity 4531K, committed 4608K, reserved 1048576K
}
Event: 18,515 GC heap before
{Heap before GC invocations=11 (full 1):
 PSYoungGen      total 126464K, used 20756K [0x00000000e0000000, 0x00000000ebe00000, 0x0000000100000000)
  eden space 117760K, 10% used [0x00000000e0000000,0x00000000e0bcbea0,0x00000000e7300000)
  from space 8704K, 99% used [0x00000000e7300000,0x00000000e7b79490,0x00000000e7b80000)
  to   space 10752K, 0% used [0x00000000eb380000,0x00000000eb380000,0x00000000ebe00000)
 ParOldGen       total 27648K, used 8224K [0x00000000a0000000, 0x00000000a1b00000, 0x00000000e0000000)
  object space 27648K, 29% used [0x00000000a0000000,0x00000000a0808020,0x00000000a1b00000)
 Metaspace       used 34504K, capacity 35192K, committed 35416K, reserved 1079296K
  class space    used 4691K, capacity 4930K, committed 4992K, reserved 1048576K
Event: 18,531 GC heap after
Heap after GC invocations=11 (full 1):
 PSYoungGen      total 184320K, used 4959K [0x00000000e0000000, 0x00000000ec080000, 0x0000000100000000)
  eden space 173568K, 0% used [0x00000000e0000000,0x00000000e0000000,0x00000000ea980000)
  from space 10752K, 46% used [0x00000000eb380000,0x00000000eb857ec8,0x00000000ebe00000)
  to   space 10240K, 0% used [0x00000000ea980000,0x00000000ea980000,0x00000000eb380000)
 ParOldGen       total 27648K, used 11456K [0x00000000a0000000, 0x00000000a1b00000, 0x00000000e0000000)
  object space 27648K, 41% used [0x00000000a0000000,0x00000000a0b30080,0x00000000a1b00000)
 Metaspace       used 34504K, capacity 35192K, committed 35416K, reserved 1079296K
  class space    used 4691K, capacity 4930K, committed 4992K, reserved 1048576K
}
Event: 18,531 GC heap before
{Heap before GC invocations=12 (full 2):
 PSYoungGen      total 184320K, used 4959K [0x00000000e0000000, 0x00000000ec080000, 0x0000000100000000)
  eden space 173568K, 0% used [0x00000000e0000000,0x00000000e0000000,0x00000000ea980000)
  from space 10752K, 46% used [0x00000000eb380000,0x00000000eb857ec8,0x00000000ebe00000)
  to   space 10240K, 0% used [0x00000000ea980000,0x00000000ea980000,0x00000000eb380000)
 ParOldGen       total 27648K, used 11456K [0x00000000a0000000, 0x00000000a1b00000, 0x00000000e0000000)
  object space 27648K, 41% used [0x00000000a0000000,0x00000000a0b30080,0x00000000a1b00000)
 Metaspace       used 34504K, capacity 35192K, committed 35416K, reserved 1079296K
  class space    used 4691K, capacity 4930K, committed 4992K, reserved 1048576K
Event: 18,631 GC heap after
Heap after GC invocations=12 (full 2):
 PSYoungGen      total 184320K, used 0K [0x00000000e0000000, 0x00000000ec080000, 0x0000000100000000)
  eden space 173568K, 0% used [0x00000000e0000000,0x00000000e0000000,0x00000000ea980000)
  from space 10752K, 0% used [0x00000000eb380000,0x00000000eb380000,0x00000000ebe00000)
  to   space 10240K, 0% used [0x00000000ea980000,0x00000000ea980000,0x00000000eb380000)
 ParOldGen       total 38912K, used 14549K [0x00000000a0000000, 0x00000000a2600000, 0x00000000e0000000)
  object space 38912K, 37% used [0x00000000a0000000,0x00000000a0e35538,0x00000000a2600000)
 Metaspace       used 34504K, capacity 35192K, committed 35416K, reserved 1079296K
  class space    used 4691K, capacity 4930K, committed 4992K, reserved 1048576K
}
Event: 39,818 GC heap before
{Heap before GC invocations=13 (full 2):
 PSYoungGen      total 184320K, used 173568K [0x00000000e0000000, 0x00000000ec080000, 0x0000000100000000)
  eden space 173568K, 100% used [0x00000000e0000000,0x00000000ea980000,0x00000000ea980000)
  from space 10752K, 0% used [0x00000000eb380000,0x00000000eb380000,0x00000000ebe00000)
  to   space 10240K, 0% used [0x00000000ea980000,0x00000000ea980000,0x00000000eb380000)
 ParOldGen       total 38912K, used 14549K [0x00000000a0000000, 0x00000000a2600000, 0x00000000e0000000)
  object space 38912K, 37% used [0x00000000a0000000,0x00000000a0e35538,0x00000000a2600000)
 Metaspace       used 46290K, capacity 47242K, committed 47448K, reserved 1089536K
  class space    used 6214K, capacity 6517K, committed 6528K, reserved 1048576K

