# JRE version: OpenJDK Runtime Environment (8.0_152-b01) (build 1.8.0_152-release-915-b01)
# Java VM: OpenJDK 64-Bit Server VM (25.152-b01 mixed mode linux-amd64 compressed oops)
Heap:
 PSYoungGen      total 322048K, used 4993K [0x00000000e0000000, 0x00000000f4d80000, 0x0000000100000000)
  eden space 302592K, 0% used [0x00000000e0000000,0x00000000e0000000,0x00000000f2780000)
  from space 19456K, 25% used [0x00000000f2780000,0x00000000f2c60528,0x00000000f3a80000)
  to   space 15360K, 0% used [0x00000000f3b80000,0x00000000f3b80000,0x00000000f4a80000)
 ParOldGen       total 75776K, used 57984K [0x00000000a0000000, 0x00000000a4a00000, 0x00000000e0000000)
  object space 75776K, 76% used [0x00000000a0000000,0x00000000a38a02b8,0x00000000a4a00000)
 Metaspace       used 68728K, capacity 71152K, committed 71256K, reserved 1112064K
  class space    used 8986K, capacity 9570K, committed 9600K, reserved 1048576K
GC Heap History (10 events):
Event: 32,766 GC heap after
Heap after GC invocations=13 (full 2):
 PSYoungGen      total 173568K, used 10220K [0x00000000e0000000, 0x00000000efc80000, 0x0000000100000000)
  eden space 163328K, 0% used [0x00000000e0000000,0x00000000e0000000,0x00000000e9f80000)
  from space 10240K, 99% used [0x00000000e9f80000,0x00000000ea97b2f0,0x00000000ea980000)
  to   space 13312K, 0% used [0x00000000eef80000,0x00000000eef80000,0x00000000efc80000)
 ParOldGen       total 41472K, used 20442K [0x00000000a0000000, 0x00000000a2880000, 0x00000000e0000000)
  object space 41472K, 49% used [0x00000000a0000000,0x00000000a13f6b10,0x00000000a2880000)
 Metaspace       used 45646K, capacity 46656K, committed 46936K, reserved 1089536K
  class space    used 6137K, capacity 6450K, committed 6528K, reserved 1048576K
}
Event: 42,709 GC heap before
{Heap before GC invocations=14 (full 2):
 PSYoungGen      total 173568K, used 173548K [0x00000000e0000000, 0x00000000efc80000, 0x0000000100000000)
  eden space 163328K, 100% used [0x00000000e0000000,0x00000000e9f80000,0x00000000e9f80000)
  from space 10240K, 99% used [0x00000000e9f80000,0x00000000ea97b2f0,0x00000000ea980000)
  to   space 13312K, 0% used [0x00000000eef80000,0x00000000eef80000,0x00000000efc80000)
 ParOldGen       total 41472K, used 20442K [0x00000000a0000000, 0x00000000a2880000, 0x00000000e0000000)
  object space 41472K, 49% used [0x00000000a0000000,0x00000000a13f6b10,0x00000000a2880000)
 Metaspace       used 53122K, capacity 54800K, committed 55000K, reserved 1097728K
  class space    used 7209K, capacity 7642K, committed 7680K, reserved 1048576K
Event: 42,754 GC heap after
Heap after GC invocations=14 (full 2):
 PSYoungGen      total 240640K, used 13157K [0x00000000e0000000, 0x00000000efc80000, 0x0000000100000000)
  eden space 227328K, 0% used [0x00000000e0000000,0x00000000e0000000,0x00000000ede00000)
  from space 13312K, 98% used [0x00000000eef80000,0x00000000efc597e0,0x00000000efc80000)
  to   space 15360K, 0% used [0x00000000ede80000,0x00000000ede80000,0x00000000eed80000)
 ParOldGen       total 41472K, used 30473K [0x00000000a0000000, 0x00000000a2880000, 0x00000000e0000000)
  object space 41472K, 73% used [0x00000000a0000000,0x00000000a1dc2650,0x00000000a2880000)
 Metaspace       used 53122K, capacity 54800K, committed 55000K, reserved 1097728K
  class space    used 7209K, capacity 7642K, committed 7680K, reserved 1048576K
}
Event: 57,199 GC heap before
{Heap before GC invocations=15 (full 2):
 PSYoungGen      total 240640K, used 163183K [0x00000000e0000000, 0x00000000efc80000, 0x0000000100000000)
  eden space 227328K, 65% used [0x00000000e0000000,0x00000000e9282708,0x00000000ede00000)
  from space 13312K, 98% used [0x00000000eef80000,0x00000000efc597e0,0x00000000efc80000)
  to   space 15360K, 0% used [0x00000000ede80000,0x00000000ede80000,0x00000000eed80000)
 ParOldGen       total 41472K, used 30473K [0x00000000a0000000, 0x00000000a2880000, 0x00000000e0000000)
  object space 41472K, 73% used [0x00000000a0000000,0x00000000a1dc2650,0x00000000a2880000)
 Metaspace       used 57115K, capacity 58980K, committed 59028K, reserved 1099776K
  class space    used 7712K, capacity 8162K, committed 8192K, reserved 1048576K
Event: 57,224 GC heap after
Heap after GC invocations=15 (full 2):
 PSYoungGen      total 243200K, used 9058K [0x00000000e0000000, 0x00000000f4a80000, 0x0000000100000000)
  eden space 227840K, 0% used [0x00000000e0000000,0x00000000e0000000,0x00000000ede80000)
  from space 15360K, 58% used [0x00000000ede80000,0x00000000ee758918,0x00000000eed80000)
  to   space 15360K, 0% used [0x00000000f3b80000,0x00000000f3b80000,0x00000000f4a80000)
 ParOldGen       total 41472K, used 37501K [0x00000000a0000000, 0x00000000a2880000, 0x00000000e0000000)
  object space 41472K, 90% used [0x00000000a0000000,0x00000000a249f598,0x00000000a2880000)
 Metaspace       used 57115K, capacity 58980K, committed 59028K, reserved 1099776K
  class space    used 7712K, capacity 8162K, committed 8192K, reserved 1048576K
}
Event: 57,225 GC heap before
{Heap before GC invocations=16 (full 3):
 PSYoungGen      total 243200K, used 9058K [0x00000000e0000000, 0x00000000f4a80000, 0x0000000100000000)
  eden space 227840K, 0% used [0x00000000e0000000,0x00000000e0000000,0x00000000ede80000)
  from space 15360K, 58% used [0x00000000ede80000,0x00000000ee758918,0x00000000eed80000)
  to   space 15360K, 0% used [0x00000000f3b80000,0x00000000f3b80000,0x00000000f4a80000)
 ParOldGen       total 41472K, used 37501K [0x00000000a0000000, 0x00000000a2880000, 0x00000000e0000000)
  object space 41472K, 90% used [0x00000000a0000000,0x00000000a249f598,0x00000000a2880000)
 Metaspace       used 57115K, capacity 58980K, committed 59028K, reserved 1099776K
  class space    used 7712K, capacity 8162K, committed 8192K, reserved 1048576K
Event: 57,584 GC heap after
Heap after GC invocations=16 (full 3):
 PSYoungGen      total 243200K, used 0K [0x00000000e0000000, 0x00000000f4a80000, 0x0000000100000000)
  eden space 227840K, 0% used [0x00000000e0000000,0x00000000e0000000,0x00000000ede80000)
  from space 15360K, 0% used [0x00000000ede80000,0x00000000ede80000,0x00000000eed80000)
  to   space 15360K, 0% used [0x00000000f3b80000,0x00000000f3b80000,0x00000000f4a80000)
 ParOldGen       total 75776K, used 38838K [0x00000000a0000000, 0x00000000a4a00000, 0x00000000e0000000)
  object space 75776K, 51% used [0x00000000a0000000,0x00000000a25edbe8,0x00000000a4a00000)
 Metaspace       used 57110K, capacity 58962K, committed 59028K, reserved 1099776K
  class space    used 7710K, capacity 8159K, committed 8192K, reserved 1048576K
}
Event: 69,314 GC heap before
{Heap before GC invocations=17 (full 3):
 PSYoungGen      total 243200K, used 227840K [0x00000000e0000000, 0x00000000f4a80000, 0x0000000100000000)
  eden space 227840K, 100% used [0x00000000e0000000,0x00000000ede80000,0x00000000ede80000)
  from space 15360K, 0% used [0x00000000ede80000,0x00000000ede80000,0x00000000eed80000)
  to   space 15360K, 0% used [0x00000000f3b80000,0x00000000f3b80000,0x00000000f4a80000)
 ParOldGen       total 75776K, used 38838K [0x00000000a0000000, 0x00000000a4a00000, 0x00000000e0000000)
  object space 75776K, 51% used [0x00000000a0000000,0x00000000a25edbe8,0x00000000a4a00000)
 Metaspace       used 65687K, capacity 67962K, committed 68056K, reserved 1107968K
  class space    used 8655K, capacity 9191K, committed 9216K, reserved 1048576K
Event: 69,360 GC heap after
Heap after GC invocations=17 (full 3):
 PSYoungGen      total 317952K, used 15353K [0x00000000e0000000, 0x00000000f4d80000, 0x0000000100000000)
  eden space 302592K, 0% used [0x00000000e0000000,0x00000000e0000000,0x00000000f2780000)
  from space 15360K, 99% used [0x00000000f3b80000,0x00000000f4a7e5d8,0x00000000f4a80000)
  to   space 19456K, 0% used [0x00000000f2780000,0x00000000f2780000,0x00000000f3a80000)
 ParOldGen       total 75776K, used 44365K [0x00000000a0000000, 0x00000000a4a00000, 0x00000000e0000000)
  object space 75776K, 58% used [0x00000000a0000000,0x00000000a2b53608,0x00000000a4a00000)
 Metaspace       used 65687K, capacity 67962K, committed 68056K, reserved 1107968K
  class space    used 8655K, capacity 9191K, committed 9216K, reserved 1048576K
}
Event: 76,113 GC heap before
{Heap before GC invocations=18 (full 3):
 PSYoungGen      total 317952K, used 317945K [0x00000000e0000000, 0x00000000f4d80000, 0x0000000100000000)
  eden space 302592K, 100% used [0x00000000e0000000,0x00000000f2780000,0x00000000f2780000)
  from space 15360K, 99% used [0x00000000f3b80000,0x00000000f4a7e5d8,0x00000000f4a80000)
  to   space 19456K, 0% used [0x00000000f2780000,0x00000000f2780000,0x00000000f3a80000)
 ParOldGen       total 75776K, used 44365K [0x00000000a0000000, 0x00000000a4a00000, 0x00000000e0000000)
  object space 75776K, 58% used [0x00000000a0000000,0x00000000a2b53608,0x00000000a4a00000)
 Metaspace       used 68728K, capacity 71152K, committed 71256K, reserved 1112064K
  class space    used 8986K, capacity 9570K, committed 9600K, reserved 1048576K

